
基表同步启动时间: 2018-08-30 09:23:45
基表同步结束时间: 2018-08-30 09:23:47
基表增量名称遍历: OGG.STEST1
增量数据同步时间: 2018-08-30 09:23:45
增量过程同步总数: 3
基表同步数据效率: 1.50 rec/s

基表同步启动时间: 2018-08-30 09:23:50
基表同步结束时间: 2018-08-30 09:23:50
基表增量名称遍历: NULL 
增量数据同步时间: 2018-08-30 09:23:50
增量过程同步总数: 0
基表同步数据效率: 0 rec/s
基表写入失败总数: 0

基表同步启动时间: 2018-08-30 09:23:55
基表同步结束时间: 2018-08-30 09:23:55
基表增量名称遍历: NULL 
增量数据同步时间: 2018-08-30 09:23:55
增量过程同步总数: 0
基表同步数据效率: 0 rec/s
基表写入失败总数: 0

基表同步启动时间: 2018-08-30 09:24:00
基表同步结束时间: 2018-08-30 09:24:00
基表增量名称遍历: NULL 
增量数据同步时间: 2018-08-30 09:24:00
增量过程同步总数: 0
基表同步数据效率: 0 rec/s
基表写入失败总数: 0

基表同步启动时间: 2018-08-30 09:24:05
基表同步结束时间: 2018-08-30 09:24:05
基表增量名称遍历: NULL 
增量数据同步时间: 2018-08-30 09:24:05
增量过程同步总数: 0
基表同步数据效率: 0 rec/s
基表写入失败总数: 0

基表同步启动时间: 2018-08-30 09:24:10
基表同步结束时间: 2018-08-30 09:24:10
基表增量名称遍历: NULL 
增量数据同步时间: 2018-08-30 09:24:10
增量过程同步总数: 0
基表同步数据效率: 0 rec/s
基表写入失败总数: 0

基表同步启动时间: 2018-08-30 09:24:15
基表同步结束时间: 2018-08-30 09:24:15
基表增量名称遍历: NULL 
增量数据同步时间: 2018-08-30 09:24:15
增量过程同步总数: 0
基表同步数据效率: 0 rec/s
基表写入失败总数: 0
